<?xml version="1.0" encoding="UTF-8"?>
<testsuite xmlns:xsi="http://www.w3.org/2001/XMLSchema-instance" xsi:noNamespaceSchemaLocation="https://maven.apache.org/surefire/maven-surefire-plugin/xsd/surefire-test-report.xsd" name="FirstPackagesTest" time="0.247" tests="8" errors="0" skipped="0" failures="2">
  <properties>
[...]
</properties>
  <testcase name="uiInterfaceExists" classname="FirstPackagesTest" time="0.034"/>
  <testcase name="anotherApplication" classname="FirstPackagesTest" time="0.133">
    <failure message="the ApplicationLogic&apos;s variable private mooc.ui.UserInterface mooc.logic.ApplicationLogic.ui null. &#10;Please set it to the variable passed from the appLogic&apos;s constructor!" type="java.lang.AssertionError">java.lang.AssertionError: 
the ApplicationLogic's variable private mooc.ui.UserInterface mooc.logic.ApplicationLogic.ui null. 
Please set it to the variable passed from the appLogic's constructor!
	at FirstPackagesTest.anotherApplication(FirstPackagesTest.java:224)
</failure>
  </testcase>
  <testcase name="limitVariableCount" classname="FirstPackagesTest" time="0"/>
  <testcase name="applicationCallsTheUI" classname="FirstPackagesTest" time="0.009"/>
  <testcase name="creatingApplicationLogicObject" classname="FirstPackagesTest" time="0.007">
    <failure message="the objectvariable of ApplicationLogic private mooc.ui.UserInterface .ui null. &#10;Please set it to the variable passed from the appLogic&apos;s constructor!" type="java.lang.AssertionError">java.lang.AssertionError: 
the objectvariable of ApplicationLogic private mooc.ui.UserInterface .ui null. 
Please set it to the variable passed from the appLogic's constructor!
	at FirstPackagesTest.creatingApplicationLogicObject(FirstPackagesTest.java:167)
</failure>
  </testcase>
  <testcase name="TextInterfaceExists" classname="FirstPackagesTest" time="0"/>
  <testcase name="TextInterfacePrints" classname="FirstPackagesTest" time="0.003"/>
  <testcase name="ApplicationLogicExists" classname="FirstPackagesTest" time="0.001"/>
</testsuite>